# JRE version: OpenJDK Runtime Environment (12.0.2+10) (build 12.0.2+10)
# Java VM: OpenJDK 64-Bit Server VM (12.0.2+10, mixed mode, tiered, compressed oops, g1 gc, linux-amd64)
Heap:
 garbage-first heap   total 262144K, used 172045K [0x00000000e0000000, 0x0000000100000000)
  region size 1024K, 152 young (155648K), 17 survivors (17408K)
 Metaspace       used 51310K, capacity 52253K, committed 52736K, reserved 301056K
  class space    used 6528K, capacity 6839K, committed 6912K, reserved 253952K
GC Heap History (10 events):
Event: 1.693 GC heap after
{Heap after GC invocations=4 (full 0):
 garbage-first heap   total 262144K, used 15948K [0x00000000e0000000, 0x0000000100000000)
  region size 1024K, 6 young (6144K), 6 survivors (6144K)
 Metaspace       used 20724K, capacity 21139K, committed 21248K, reserved 272384K
  class space    used 2601K, capacity 2779K, committed 2816K, reserved 253952K
}
Event: 2.510 GC heap before
{Heap before GC invocations=5 (full 0):
 garbage-first heap   total 262144K, used 55884K [0x00000000e0000000, 0x0000000100000000)
  region size 1024K, 46 young (47104K), 6 survivors (6144K)
 Metaspace       used 29453K, capacity 29914K, committed 30336K, reserved 280576K
  class space    used 3713K, capacity 3913K, committed 3968K, reserved 253952K
}
Event: 2.521 GC heap after
{Heap after GC invocations=6 (full 0):
 garbage-first heap   total 262144K, used 18949K [0x00000000e0000000, 0x0000000100000000)
  region size 1024K, 5 young (5120K), 5 survivors (5120K)
 Metaspace       used 29453K, capacity 29914K, committed 30336K, reserved 280576K
  class space    used 3713K, capacity 3913K, committed 3968K, reserved 253952K
}
Event: 3.114 GC heap before
{Heap before GC invocations=6 (full 0):
 garbage-first heap   total 262144K, used 58885K [0x00000000e0000000, 0x0000000100000000)
  region size 1024K, 43 young (44032K), 5 survivors (5120K)
 Metaspace       used 34862K, capacity 35298K, committed 35840K, reserved 286720K
  class space    used 4321K, capacity 4508K, committed 4608K, reserved 253952K
}
Event: 3.127 GC heap after
{Heap after GC invocations=7 (full 0):
 garbage-first heap   total 262144K, used 20616K [0x00000000e0000000, 0x0000000100000000)
  region size 1024K, 7 young (7168K), 7 survivors (7168K)
 Metaspace       used 34862K, capacity 35298K, committed 35840K, reserved 286720K
  class space    used 4321K, capacity 4508K, committed 4608K, reserved 253952K
}
Event: 4.206 GC heap before
{Heap before GC invocations=8 (full 0):
 garbage-first heap   total 262144K, used 100488K [0x00000000e0000000, 0x0000000100000000)
  region size 1024K, 85 young (87040K), 7 survivors (7168K)
 Metaspace       used 42096K, capacity 42779K, committed 43392K, reserved 292864K
  class space    used 5484K, capacity 5735K, committed 5760K, reserved 253952K
}
Event: 4.220 GC heap after
{Heap after GC invocations=9 (full 0):
 garbage-first heap   total 262144K, used 23868K [0x00000000e0000000, 0x0000000100000000)
  region size 1024K, 8 young (8192K), 8 survivors (8192K)
 Metaspace       used 42096K, capacity 42779K, committed 43392K, reserved 292864K
  class space    used 5484K, capacity 5735K, committed 5760K, reserved 253952K
}
Event: 5.822 GC heap before
{Heap before GC invocations=9 (full 0):
 garbage-first heap   total 262144K, used 171324K [0x00000000e0000000, 0x0000000100000000)
  region size 1024K, 153 young (156672K), 8 survivors (8192K)
 Metaspace       used 48047K, capacity 48894K, committed 49408K, reserved 296960K
  class space    used 6233K, capacity 6529K, committed 6656K, reserved 253952K
}
Event: 5.849 GC heap after
{Heap after GC invocations=10 (full 0):
 garbage-first heap   total 262144K, used 33805K [0x00000000e0000000, 0x0000000100000000)
  region size 1024K, 18 young (18432K), 18 survivors (18432K)
 Metaspace       used 48047K, capacity 48894K, committed 49408K, reserved 296960K
  class space    used 6233K, capacity 6529K, committed 6656K, reserved 253952K
}
Event: 63.446 GC heap before
{Heap before GC invocations=10 (full 0):
 garbage-first heap   total 262144K, used 171021K [0x00000000e0000000, 0x0000000100000000)
  region size 1024K, 153 young (156672K), 18 survivors (18432K)
 Metaspace       used 51310K, capacity 52253K, committed 52736K, reserved 301056K
  class space    used 6528K, capacity 6839K, committed 6912K, reserved 253952K
}

